Arguments: 
  C:\Program Files\nodejs\node.exe C:\Users\ultra\AppData\Roaming\npm\node_modules\yarn\bin\yarn.js add expo --network-timeout 100000

PATH: 
  C:\Python311\Scripts\;C:\Python311\;C:\Program Files (x86)\VMware\VMware Workstation\bin\;C:\Windows\system32;C:\Windows;C:\Windows\System32\Wbem;C:\Windows\System32\WindowsPowerShell\v1.0\;C:\Windows\System32\OpenSSH\;C:\Program Files\Git\cmd;C:\ProgramData\chocolatey\bin;C:\Windows\System32\Wbem;%NVM_HOME%;%NVM_SYMLINK%;C:\Users\ultra\AppData\Local\Microsoft\WindowsApps;C:\Users\ultra\AppData\Roaming\npm;C:\Users\ultra\AppData\Local\Programs\Microsoft VS Code\bin;C:\Users\ultra\AppData\Local\Android\Sdk\platform-tools;C:\Users\ultra\AppData\Roaming\nvm;C:\Program Files\nodejs

Yarn version: 
  1.22.19

Node version: 
  16.19.0

Platform: 
  win32 x64

Trace: 
  Error: aborted
      at connResetException (node:internal/errors:705:14)
      at TLSSocket.socketCloseListener (node:_http_client:454:19)
      at TLSSocket.emit (node:events:525:35)
      at node:net:301:12
      at Socket.done (node:_tls_wrap:588:7)
      at Object.onceWrapper (node:events:628:26)
      at Socket.emit (node:events:513:28)
      at TCP.<anonymous> (node:net:301:12)

npm manifest: 
  {
    "name": "helloworld",
    "version": "1.0.0",
    "main": "node_modules/expo/AppEntry.js",
    "scripts": {
      "start": "expo start",
      "android": "expo start --android",
      "ios": "expo start --ios",
      "web": "expo start --web"
    },
    "dependencies": {
      "expo": "~47.0.9",
      "expo-status-bar": "~1.4.2",
      "react": "18.1.0",
      "react-native": "0.70.5"
    },
    "devDependencies": {
      "@babel/core": "^7.12.9"
    },
    "private": true
  }

yarn manifest: 
  No manifest

Lockfile: 
  No lockfile
